<?xml version="1.0" encoding="UTF-8"?>
<!-- Generated by org.testng.reporters.JUnitReportReporter -->
<testsuite hostname="Shivdeep-PC" name="com.VisionIt.FreeCrm.TestCases.LoginPageTest" tests="1" failures="0" timestamp="8 Apr 2019 16:53:16 GMT" time="103.139" errors="0">
  <testcase name="verifyloginToAppTest" time="103.139" classname="com.VisionIt.FreeCrm.TestCases.LoginPageTest"/>
</testsuite> <!-- com.VisionIt.FreeCrm.TestCases.LoginPageTest -->
