<?xml version="1.0" encoding="UTF-8"?>
<!-- Generated by org.testng.reporters.JUnitReportReporter -->
<testsuite hostname="Shivdeep-PC" name="com.VisionIt.FreeCrm.TestCases.HomePageTest" tests="4" failures="0" timestamp="8 Apr 2019 11:28:28 GMT" time="278.803" errors="0">
  <testcase name="navigatingToContactsPageTest" time="66.844" classname="com.VisionIt.FreeCrm.TestCases.HomePageTest"/>
  <testcase name="navigatingToDealsPageTest" time="70.568" classname="com.VisionIt.FreeCrm.TestCases.HomePageTest"/>
  <testcase name="VerifyHomePageTitleTest" time="69.442" classname="com.VisionIt.FreeCrm.TestCases.HomePageTest"/>
  <testcase name="navigatingToTasksPageTest" time="71.949" classname="com.VisionIt.FreeCrm.TestCases.HomePageTest"/>
</testsuite> <!-- com.VisionIt.FreeCrm.TestCases.HomePageTest -->
