<?xml version="1.0" encoding="UTF-8"?>
<!-- Generated by org.testng.reporters.JUnitReportReporter -->
<testsuite hostname="Shivdeep-PC" name="com.visionIt.FreeCRM.testBase.HomePageTest" tests="4" failures="0" timestamp="7 Apr 2019 04:06:44 GMT" time="221.133" errors="0">
  <testcase name="navigatingToContactsPageTest" time="50.692" classname="com.visionIt.FreeCRM.testBase.HomePageTest"/>
  <testcase name="navigatingToDealsPageTest" time="63.679" classname="com.visionIt.FreeCRM.testBase.HomePageTest"/>
  <testcase name="navigatingToTaskssPageTest" time="64.365" classname="com.visionIt.FreeCRM.testBase.HomePageTest"/>
  <testcase name="verifyHomePageTitleTest" time="42.397" classname="com.visionIt.FreeCRM.testBase.HomePageTest"/>
</testsuite> <!-- com.visionIt.FreeCRM.testBase.HomePageTest -->
